Traceback (most recent call last):
  File "/Users/tork73/anaconda3/lib/python3.11/site-packages/jupyter_cache/executors/utils.py", line 58, in single_nb_execution
    executenb(
  File "/Users/tork73/anaconda3/lib/python3.11/site-packages/nbclient/client.py", line 1305, in execute
    return NotebookClient(nb=nb, resources=resources, km=km, **kwargs).execute()
           ^^^^^^^^^^^^^^^^^^^^^^^^^^^^^^^^^^^^^^^^^^^^^^^^^^^^^^^^^^^^^^^^^^^^^
  File "/Users/tork73/anaconda3/lib/python3.11/site-packages/jupyter_core/utils/__init__.py", line 173, in wrapped
    return loop.run_until_complete(inner)
           ^^^^^^^^^^^^^^^^^^^^^^^^^^^^^^
  File "/Users/tork73/anaconda3/lib/python3.11/asyncio/base_events.py", line 653, in run_until_complete
    return future.result()
           ^^^^^^^^^^^^^^^
  File "/Users/tork73/anaconda3/lib/python3.11/site-packages/nbclient/client.py", line 705, in async_execute
    await self.async_execute_cell(
  File "/Users/tork73/anaconda3/lib/python3.11/site-packages/nbclient/client.py", line 1058, in async_execute_cell
    await self._check_raise_for_error(cell, cell_index, exec_reply)
  File "/Users/tork73/anaconda3/lib/python3.11/site-packages/nbclient/client.py", line 914, in _check_raise_for_error
    raise CellExecutionError.from_cell_and_msg(cell, exec_reply_content)
nbclient.exceptions.CellExecutionError: An error occurred while executing the following cell:
------------------

plt.bar(Årstall-.15, Menn, width=0.3, label="Menn")
plt.bar(Årstall+.15, Kvinner, width=0.3, label="Kvinner", bottom=Menn/Total)
plt.xlabel("Årstall")
plt.ylabel("Antall")
plt.legend(loc=(1.021, 0.8))
plt.show()
------------------


[0;31m---------------------------------------------------------------------------[0m
[0;31mNameError[0m                                 Traceback (most recent call last)
Cell [0;32mIn[15], line 2[0m
[1;32m      1[0m plt[38;5;241m.[39mbar(Årstall[38;5;241m-[39m[38;5;241m.15[39m, Menn, width[38;5;241m=[39m[38;5;241m0.3[39m, label[38;5;241m=[39m[38;5;124m"[39m[38;5;124mMenn[39m[38;5;124m"[39m)
[0;32m----> 2[0m plt[38;5;241m.[39mbar(Årstall[38;5;241m+[39m[38;5;241m.15[39m, Kvinner, width[38;5;241m=[39m[38;5;241m0.3[39m, label[38;5;241m=[39m[38;5;124m"[39m[38;5;124mKvinner[39m[38;5;124m"[39m, bottom[38;5;241m=[39mMenn[38;5;241m/[39mTotal)
[1;32m      3[0m plt[38;5;241m.[39mxlabel([38;5;124m"[39m[38;5;124mÅrstall[39m[38;5;124m"[39m)
[1;32m      4[0m plt[38;5;241m.[39mylabel([38;5;124m"[39m[38;5;124mAntall[39m[38;5;124m"[39m)

[0;31mNameError[0m: name 'Total' is not defined

